<?xml version="1.0" encoding="UTF-8"?>
<!-- Generated by org.testng.reporters.JUnitReportReporter -->
<testsuite hostname="WKWZThnoxd9M5Tm" failures="0" tests="1" name="userTest.Userdetail" time="0.013" errors="0" timestamp="2022-11-30T00:04:20 IST" skipped="0">
  <testcase classname="userTest.Userdetail" name="username" time="0.013"/>
  <system-out/>
</testsuite> <!-- userTest.Userdetail -->
